2026-02-28 03:12:48 | INFO     | HITL handler found: E:\Hackathon 0\AI_Employee_Vault\skills\hitl_approval_handler.py
2026-02-28 03:12:48 | INFO     | LinkedIn poster found: E:\Hackathon 0\AI_Employee_Vault\skills\auto_linkedin_poster.py
2026-02-28 03:12:48 | INFO     | ============================================================
2026-02-28 03:12:48 | INFO     | CROSS DOMAIN INTEGRATOR - STARTING
2026-02-28 03:12:48 | INFO     | ============================================================
2026-02-28 03:13:06 | INFO     | HITL handler found: E:\Hackathon 0\AI_Employee_Vault\skills\hitl_approval_handler.py
2026-02-28 03:13:06 | INFO     | LinkedIn poster found: E:\Hackathon 0\AI_Employee_Vault\skills\auto_linkedin_poster.py
2026-02-28 03:13:06 | INFO     | ============================================================
2026-02-28 03:13:06 | INFO     | CROSS DOMAIN INTEGRATOR - STARTING
2026-02-28 03:13:06 | INFO     | ============================================================
2026-02-28 03:13:14 | INFO     | HITL handler found: E:\Hackathon 0\AI_Employee_Vault\skills\hitl_approval_handler.py
2026-02-28 03:13:14 | INFO     | LinkedIn poster found: E:\Hackathon 0\AI_Employee_Vault\skills\auto_linkedin_poster.py
2026-02-28 03:13:14 | INFO     | ============================================================
2026-02-28 03:13:14 | INFO     | CROSS DOMAIN INTEGRATOR - STARTING
2026-02-28 03:13:14 | INFO     | ============================================================
2026-02-28 03:13:14 | INFO     | Found 2 items in Needs_Action
2026-02-28 03:13:14 | INFO     | Processing: 2024-05-11_00-03-57_email_CORRECTION FOR PAYMENT.md
2026-02-28 03:13:14 | INFO     | Classifying: 2024-05-11_00-03-57_email_CORRECTION FOR PAYMENT.md
2026-02-28 03:13:14 | INFO     | Routing item: 2024-05-11_00-03-57_email_CORRECTION FOR PAYMENT.md -> route_to_hitl
2026-02-28 03:13:14 | INFO     | Routing to HITL: 2024-05-11_00-03-57_email_CORRECTION FOR PAYMENT.md
2026-02-28 03:13:14 | DEBUG    | Archived original to: E:\Hackathon 0\AI_Employee_Vault\Done\2026-02-28_personal_2024-05-11_00-03-57_email_CORRECTION FOR PAYMENT.md
2026-02-28 03:13:14 | INFO     | Processing: 2024-11-06_19-07-27_email_Congratulations_ Your application for Front End De.md
2026-02-28 03:13:14 | INFO     | Classifying: 2024-11-06_19-07-27_email_Congratulations_ Your application for Front End De.md
2026-02-28 03:13:14 | INFO     | Routing item: 2024-11-06_19-07-27_email_Congratulations_ Your application for Front End De.md -> route_to_hitl
2026-02-28 03:13:14 | INFO     | Routing to HITL: 2024-11-06_19-07-27_email_Congratulations_ Your application for Front End De.md
2026-02-28 03:13:14 | DEBUG    | Archived original to: E:\Hackathon 0\AI_Employee_Vault\Done\2026-02-28_personal_2024-11-06_19-07-27_email_Congratulations_ Your application for Front End De.md
2026-02-28 03:13:14 | INFO     | Summary created: cross_domain_2026-02-28.md
2026-02-28 03:15:22 | INFO     | HITL handler found: E:\Hackathon 0\AI_Employee_Vault\skills\hitl_approval_handler.py
2026-02-28 03:15:22 | INFO     | LinkedIn poster found: E:\Hackathon 0\AI_Employee_Vault\skills\auto_linkedin_poster.py
2026-02-28 03:15:22 | INFO     | ============================================================
2026-02-28 03:15:22 | INFO     | CROSS DOMAIN INTEGRATOR - STARTING
2026-02-28 03:15:22 | INFO     | ============================================================
2026-02-28 03:15:22 | INFO     | Found 0 items in Needs_Action
2026-02-28 03:15:22 | INFO     | No items to process
