2026-02-20 02:01:02 | INFO     | ============================================================
2026-02-20 02:01:02 | INFO     | AI EMPLOYEE ORCHESTRATOR STARTING
2026-02-20 02:01:02 | INFO     | Vault Root: E:\Hackathon 0\AI_Employee_Vault
2026-02-20 02:01:02 | INFO     | Check Interval: 10.0s
2026-02-20 02:01:02 | INFO     | ============================================================
2026-02-20 02:01:02 | DEBUG    | No tasks (check #1)
2026-02-20 02:01:12 | DEBUG    | No tasks (check #2)
2026-02-20 02:01:22 | DEBUG    | No tasks (check #3)
2026-02-20 02:01:32 | DEBUG    | No tasks (check #4)
2026-02-20 02:01:42 | DEBUG    | No tasks (check #5)
2026-02-20 02:01:52 | DEBUG    | No tasks (check #6)
2026-02-20 02:01:52 | INFO     | HEALTH | Status: 🟢 operational | Uptime: 50s | Tasks: 0 | Errors: 0
2026-02-20 02:02:02 | DEBUG    | No tasks (check #7)
2026-02-20 02:02:12 | DEBUG    | No tasks (check #8)
2026-02-20 02:02:22 | DEBUG    | No tasks (check #9)
2026-02-20 02:02:32 | DEBUG    | No tasks (check #10)
2026-02-20 02:02:42 | DEBUG    | No tasks (check #11)
2026-02-20 02:02:52 | DEBUG    | No tasks (check #12)
2026-02-20 02:02:52 | INFO     | HEALTH | Status: 🟢 operational | Uptime: 1m 50s | Tasks: 0 | Errors: 0
2026-02-20 02:03:02 | DEBUG    | No tasks (check #13)
2026-02-20 02:03:12 | DEBUG    | No tasks (check #14)
2026-02-20 02:03:22 | DEBUG    | No tasks (check #15)
2026-02-20 02:03:32 | DEBUG    | No tasks (check #16)
2026-02-20 02:03:40 | INFO     | Received signal 2
2026-02-20 02:03:42 | INFO     | Received signal 2
2026-02-20 02:06:54 | INFO     | ============================================================
2026-02-20 02:06:54 | INFO     | AI EMPLOYEE ORCHESTRATOR STARTING
2026-02-20 02:06:54 | INFO     | Vault Root: E:\Hackathon 0\AI_Employee_Vault
2026-02-20 02:06:54 | INFO     | Check Interval: 10.0s
2026-02-20 02:06:54 | INFO     | ============================================================
2026-02-20 02:06:54 | DEBUG    | No tasks (check #1)
2026-02-20 02:07:03 | INFO     | Received signal 2
2026-02-20 02:07:03 | INFO     | Received signal 2
2026-02-20 02:07:03 | INFO     | Received signal 2
2026-02-20 15:09:43 | INFO     | ============================================================
2026-02-20 15:09:43 | INFO     | AI EMPLOYEE ORCHESTRATOR STARTING
2026-02-20 15:09:43 | INFO     | Vault Root: E:\Hackathon 0\AI_Employee_Vault
2026-02-20 15:09:43 | INFO     | Check Interval: 10.0s
2026-02-20 15:09:43 | INFO     | ============================================================
2026-02-20 15:09:43 | DEBUG    | No tasks (check #1)
2026-02-20 15:09:53 | DEBUG    | No tasks (check #2)
2026-02-20 15:10:03 | DEBUG    | No tasks (check #3)
2026-02-20 15:10:13 | DEBUG    | No tasks (check #4)
2026-02-20 15:10:23 | DEBUG    | No tasks (check #5)
2026-02-20 15:10:33 | DEBUG    | No tasks (check #6)
2026-02-20 15:10:33 | INFO     | HEALTH | Status: 🟢 operational | Uptime: 50s | Tasks: 0 | Errors: 0
2026-02-20 15:10:43 | DEBUG    | No tasks (check #7)
2026-02-20 15:10:53 | DEBUG    | No tasks (check #8)
2026-02-20 15:11:03 | DEBUG    | No tasks (check #9)
2026-02-20 15:11:13 | DEBUG    | No tasks (check #10)
2026-02-20 15:11:23 | DEBUG    | No tasks (check #11)
2026-02-20 15:11:33 | DEBUG    | No tasks (check #12)
2026-02-20 15:11:33 | INFO     | HEALTH | Status: 🟢 operational | Uptime: 1m 50s | Tasks: 0 | Errors: 0
2026-02-20 15:11:43 | DEBUG    | No tasks (check #13)
2026-02-20 15:11:53 | DEBUG    | No tasks (check #14)
2026-02-20 15:12:03 | DEBUG    | No tasks (check #15)
2026-02-20 15:12:13 | DEBUG    | No tasks (check #16)
2026-02-20 15:12:23 | DEBUG    | No tasks (check #17)
2026-02-20 15:12:33 | DEBUG    | No tasks (check #18)
2026-02-20 15:12:33 | INFO     | HEALTH | Status: 🟢 operational | Uptime: 2m 50s | Tasks: 0 | Errors: 0
2026-02-20 15:12:43 | DEBUG    | No tasks (check #19)
2026-02-20 15:12:53 | DEBUG    | No tasks (check #20)
2026-02-20 15:13:03 | DEBUG    | No tasks (check #21)
2026-02-20 15:13:13 | DEBUG    | No tasks (check #22)
2026-02-20 15:13:23 | DEBUG    | No tasks (check #23)
2026-02-20 15:13:33 | DEBUG    | No tasks (check #24)
2026-02-20 15:13:33 | INFO     | HEALTH | Status: 🟢 operational | Uptime: 3m 50s | Tasks: 0 | Errors: 0
2026-02-20 15:13:43 | DEBUG    | No tasks (check #25)
2026-02-20 15:13:53 | DEBUG    | No tasks (check #26)
2026-02-20 15:14:03 | DEBUG    | No tasks (check #27)
2026-02-20 15:14:13 | DEBUG    | No tasks (check #28)
2026-02-20 15:14:23 | DEBUG    | No tasks (check #29)
2026-02-20 15:14:33 | DEBUG    | No tasks (check #30)
2026-02-20 15:14:33 | INFO     | HEALTH | Status: 🟢 operational | Uptime: 4m 50s | Tasks: 0 | Errors: 0
2026-02-20 15:14:43 | DEBUG    | No tasks (check #31)
2026-02-20 15:14:53 | DEBUG    | No tasks (check #32)
2026-02-20 15:15:03 | DEBUG    | No tasks (check #33)
2026-02-20 15:15:13 | DEBUG    | No tasks (check #34)
2026-02-20 15:15:23 | DEBUG    | No tasks (check #35)
2026-02-20 15:15:33 | DEBUG    | No tasks (check #36)
2026-02-20 15:15:33 | INFO     | HEALTH | Status: 🟢 operational | Uptime: 5m 50s | Tasks: 0 | Errors: 0
2026-02-20 15:15:43 | DEBUG    | No tasks (check #37)
2026-02-20 15:15:53 | DEBUG    | No tasks (check #38)
2026-02-20 15:16:03 | DEBUG    | No tasks (check #39)
2026-02-20 15:16:13 | DEBUG    | No tasks (check #40)
2026-02-20 15:16:23 | DEBUG    | No tasks (check #41)
2026-02-20 15:16:33 | DEBUG    | No tasks (check #42)
2026-02-20 15:16:33 | INFO     | HEALTH | Status: 🟢 operational | Uptime: 6m 50s | Tasks: 0 | Errors: 0
2026-02-20 15:16:43 | DEBUG    | No tasks (check #43)
2026-02-20 15:16:53 | DEBUG    | No tasks (check #44)
2026-02-20 15:17:03 | DEBUG    | No tasks (check #45)
2026-02-20 15:17:13 | DEBUG    | No tasks (check #46)
2026-02-20 15:17:23 | DEBUG    | No tasks (check #47)
2026-02-20 15:17:33 | DEBUG    | No tasks (check #48)
2026-02-20 15:17:33 | INFO     | HEALTH | Status: 🟢 operational | Uptime: 7m 50s | Tasks: 0 | Errors: 0
2026-02-20 15:17:43 | DEBUG    | No tasks (check #49)
2026-02-20 15:17:53 | DEBUG    | No tasks (check #50)
2026-02-20 15:18:03 | DEBUG    | No tasks (check #51)
2026-02-20 15:18:13 | DEBUG    | No tasks (check #52)
2026-02-20 15:18:23 | DEBUG    | No tasks (check #53)
2026-02-20 15:18:33 | DEBUG    | No tasks (check #54)
2026-02-20 15:18:33 | INFO     | HEALTH | Status: 🟢 operational | Uptime: 8m 50s | Tasks: 0 | Errors: 0
2026-02-20 15:18:43 | DEBUG    | No tasks (check #55)
2026-02-20 15:18:53 | DEBUG    | No tasks (check #56)
2026-02-20 15:19:03 | DEBUG    | No tasks (check #57)
2026-02-20 15:19:13 | DEBUG    | No tasks (check #58)
2026-02-20 15:19:23 | DEBUG    | No tasks (check #59)
2026-02-20 15:19:33 | DEBUG    | No tasks (check #60)
2026-02-20 15:19:33 | INFO     | HEALTH | Status: 🟢 operational | Uptime: 9m 50s | Tasks: 0 | Errors: 0
2026-02-20 15:19:43 | DEBUG    | No tasks (check #61)
2026-02-20 15:19:53 | DEBUG    | No tasks (check #62)
2026-02-20 15:20:03 | DEBUG    | No tasks (check #63)
2026-02-20 15:20:13 | DEBUG    | No tasks (check #64)
2026-02-20 15:20:23 | DEBUG    | No tasks (check #65)
2026-02-20 15:20:33 | DEBUG    | No tasks (check #66)
2026-02-20 15:20:33 | INFO     | HEALTH | Status: 🟢 operational | Uptime: 10m 50s | Tasks: 0 | Errors: 0
2026-02-20 15:20:43 | DEBUG    | No tasks (check #67)
2026-02-20 15:20:53 | DEBUG    | No tasks (check #68)
2026-02-20 15:21:03 | DEBUG    | No tasks (check #69)
2026-02-20 15:21:13 | DEBUG    | No tasks (check #70)
2026-02-20 15:21:23 | DEBUG    | No tasks (check #71)
2026-02-20 15:21:33 | DEBUG    | No tasks (check #72)
2026-02-20 15:21:33 | INFO     | HEALTH | Status: 🟢 operational | Uptime: 11m 50s | Tasks: 0 | Errors: 0
2026-02-20 15:21:43 | DEBUG    | No tasks (check #73)
2026-02-20 15:21:53 | DEBUG    | No tasks (check #74)
2026-02-20 15:22:03 | DEBUG    | No tasks (check #75)
2026-02-20 15:22:13 | DEBUG    | No tasks (check #76)
2026-02-20 15:22:23 | DEBUG    | No tasks (check #77)
2026-02-20 15:22:33 | DEBUG    | No tasks (check #78)
2026-02-20 15:22:33 | INFO     | HEALTH | Status: 🟢 operational | Uptime: 12m 50s | Tasks: 0 | Errors: 0
2026-02-20 15:22:43 | DEBUG    | No tasks (check #79)
2026-02-20 15:22:53 | DEBUG    | No tasks (check #80)
2026-02-20 15:23:03 | DEBUG    | No tasks (check #81)
2026-02-20 15:23:13 | DEBUG    | No tasks (check #82)
2026-02-20 15:23:23 | DEBUG    | No tasks (check #83)
2026-02-20 15:23:33 | DEBUG    | No tasks (check #84)
2026-02-20 15:23:33 | INFO     | HEALTH | Status: 🟢 operational | Uptime: 13m 50s | Tasks: 0 | Errors: 0
2026-02-20 15:23:43 | DEBUG    | No tasks (check #85)
2026-02-20 15:23:53 | DEBUG    | No tasks (check #86)
2026-02-20 15:24:03 | DEBUG    | No tasks (check #87)
2026-02-20 15:24:13 | DEBUG    | No tasks (check #88)
2026-02-20 15:24:23 | DEBUG    | No tasks (check #89)
2026-02-20 15:24:33 | DEBUG    | No tasks (check #90)
2026-02-20 15:24:33 | INFO     | HEALTH | Status: 🟢 operational | Uptime: 14m 50s | Tasks: 0 | Errors: 0
2026-02-20 15:24:43 | DEBUG    | No tasks (check #91)
2026-02-20 15:24:53 | DEBUG    | No tasks (check #92)
2026-02-20 15:25:03 | DEBUG    | No tasks (check #93)
2026-02-20 15:25:13 | DEBUG    | No tasks (check #94)
2026-02-20 15:25:23 | DEBUG    | No tasks (check #95)
2026-02-20 15:25:33 | DEBUG    | No tasks (check #96)
2026-02-20 15:25:33 | INFO     | HEALTH | Status: 🟢 operational | Uptime: 15m 50s | Tasks: 0 | Errors: 0
2026-02-20 15:25:43 | DEBUG    | No tasks (check #97)
2026-02-20 15:25:53 | DEBUG    | No tasks (check #98)
2026-02-20 15:26:03 | DEBUG    | No tasks (check #99)
2026-02-20 15:26:13 | DEBUG    | No tasks (check #100)
2026-02-20 15:26:23 | DEBUG    | No tasks (check #101)
2026-02-20 15:26:33 | DEBUG    | No tasks (check #102)
2026-02-20 15:26:33 | INFO     | HEALTH | Status: 🟢 operational | Uptime: 16m 50s | Tasks: 0 | Errors: 0
2026-02-20 15:26:43 | DEBUG    | No tasks (check #103)
2026-02-20 15:26:53 | DEBUG    | No tasks (check #104)
2026-02-20 15:27:03 | DEBUG    | No tasks (check #105)
2026-02-20 15:27:13 | DEBUG    | No tasks (check #106)
2026-02-20 15:27:23 | DEBUG    | No tasks (check #107)
2026-02-20 15:27:33 | DEBUG    | No tasks (check #108)
2026-02-20 15:27:33 | INFO     | HEALTH | Status: 🟢 operational | Uptime: 17m 50s | Tasks: 0 | Errors: 0
2026-02-20 15:27:43 | DEBUG    | No tasks (check #109)
2026-02-20 15:27:53 | DEBUG    | No tasks (check #110)
2026-02-20 15:28:03 | DEBUG    | No tasks (check #111)
2026-02-20 15:28:13 | DEBUG    | No tasks (check #112)
2026-02-20 15:28:23 | DEBUG    | No tasks (check #113)
2026-02-20 15:28:33 | DEBUG    | No tasks (check #114)
2026-02-20 15:28:33 | INFO     | HEALTH | Status: 🟢 operational | Uptime: 18m 50s | Tasks: 0 | Errors: 0
2026-02-20 15:28:43 | DEBUG    | No tasks (check #115)
2026-02-20 15:28:53 | DEBUG    | No tasks (check #116)
2026-02-20 15:29:03 | DEBUG    | No tasks (check #117)
2026-02-20 15:29:13 | DEBUG    | No tasks (check #118)
2026-02-20 15:29:23 | DEBUG    | No tasks (check #119)
2026-02-20 15:29:33 | DEBUG    | No tasks (check #120)
2026-02-20 15:29:33 | INFO     | HEALTH | Status: 🟢 operational | Uptime: 19m 50s | Tasks: 0 | Errors: 0
2026-02-20 15:29:43 | DEBUG    | No tasks (check #121)
2026-02-20 15:29:53 | DEBUG    | No tasks (check #122)
2026-02-20 15:30:03 | DEBUG    | No tasks (check #123)
2026-02-20 15:30:13 | DEBUG    | No tasks (check #124)
2026-02-20 15:30:23 | DEBUG    | No tasks (check #125)
2026-02-20 15:30:33 | DEBUG    | No tasks (check #126)
2026-02-20 15:30:33 | INFO     | HEALTH | Status: 🟢 operational | Uptime: 20m 50s | Tasks: 0 | Errors: 0
2026-02-20 15:30:43 | DEBUG    | No tasks (check #127)
2026-02-20 15:30:53 | DEBUG    | No tasks (check #128)
2026-02-20 15:31:03 | DEBUG    | No tasks (check #129)
2026-02-20 15:31:13 | DEBUG    | No tasks (check #130)
2026-02-20 15:31:23 | DEBUG    | No tasks (check #131)
2026-02-20 15:31:33 | DEBUG    | No tasks (check #132)
2026-02-20 15:31:33 | INFO     | HEALTH | Status: 🟢 operational | Uptime: 21m 50s | Tasks: 0 | Errors: 0
2026-02-20 15:31:43 | DEBUG    | No tasks (check #133)
2026-02-20 15:31:53 | DEBUG    | No tasks (check #134)
2026-02-20 15:32:03 | DEBUG    | No tasks (check #135)
2026-02-20 15:32:13 | DEBUG    | No tasks (check #136)
2026-02-20 15:32:23 | DEBUG    | No tasks (check #137)
2026-02-20 15:32:33 | DEBUG    | No tasks (check #138)
2026-02-20 15:32:33 | INFO     | HEALTH | Status: 🟢 operational | Uptime: 22m 50s | Tasks: 0 | Errors: 0
2026-02-20 15:32:43 | DEBUG    | No tasks (check #139)
2026-02-20 15:32:53 | DEBUG    | No tasks (check #140)
2026-02-20 15:33:03 | DEBUG    | No tasks (check #141)
2026-02-20 15:33:13 | DEBUG    | No tasks (check #142)
2026-02-20 15:33:23 | DEBUG    | No tasks (check #143)
2026-02-20 15:33:33 | DEBUG    | No tasks (check #144)
2026-02-20 15:33:33 | INFO     | HEALTH | Status: 🟢 operational | Uptime: 23m 50s | Tasks: 0 | Errors: 0
2026-02-20 15:33:43 | DEBUG    | No tasks (check #145)
2026-02-20 15:33:53 | DEBUG    | No tasks (check #146)
2026-02-20 15:34:03 | DEBUG    | No tasks (check #147)
2026-02-20 15:34:13 | DEBUG    | No tasks (check #148)
2026-02-20 15:34:23 | DEBUG    | No tasks (check #149)
2026-02-20 15:34:33 | DEBUG    | No tasks (check #150)
2026-02-20 15:34:33 | INFO     | HEALTH | Status: 🟢 operational | Uptime: 24m 50s | Tasks: 0 | Errors: 0
2026-02-20 15:34:43 | DEBUG    | No tasks (check #151)
2026-02-20 15:34:53 | DEBUG    | No tasks (check #152)
2026-02-20 15:35:03 | DEBUG    | No tasks (check #153)
2026-02-20 15:35:13 | DEBUG    | No tasks (check #154)
2026-02-20 15:35:23 | DEBUG    | No tasks (check #155)
2026-02-20 15:35:33 | DEBUG    | No tasks (check #156)
2026-02-20 15:35:33 | INFO     | HEALTH | Status: 🟢 operational | Uptime: 25m 50s | Tasks: 0 | Errors: 0
2026-02-20 15:35:43 | DEBUG    | No tasks (check #157)
2026-02-20 15:35:53 | DEBUG    | No tasks (check #158)
2026-02-20 15:36:03 | DEBUG    | No tasks (check #159)
2026-02-20 15:36:13 | DEBUG    | No tasks (check #160)
2026-02-20 15:36:23 | DEBUG    | No tasks (check #161)
2026-02-20 15:36:33 | DEBUG    | No tasks (check #162)
2026-02-20 15:36:33 | INFO     | HEALTH | Status: 🟢 operational | Uptime: 26m 50s | Tasks: 0 | Errors: 0
2026-02-20 15:36:36 | INFO     | Received signal 2
2026-02-20 15:36:38 | INFO     | Received signal 2
2026-02-20 15:36:38 | INFO     | Received signal 2
2026-02-20 15:36:39 | INFO     | Received signal 2
2026-02-20 15:36:39 | INFO     | Received signal 2
2026-02-20 15:36:39 | INFO     | Received signal 2
2026-02-20 15:36:40 | INFO     | Received signal 2
2026-02-20 15:36:40 | INFO     | Received signal 2
2026-02-20 15:36:40 | INFO     | Received signal 2
2026-02-20 15:36:40 | INFO     | Received signal 2
2026-02-20 15:36:40 | INFO     | Received signal 2
2026-02-20 15:36:40 | INFO     | Received signal 2
2026-02-20 15:36:40 | INFO     | Received signal 2
2026-02-20 15:36:40 | INFO     | Received signal 2
2026-02-20 15:36:40 | INFO     | Received signal 2
2026-02-20 15:36:40 | INFO     | Received signal 2
2026-02-20 15:36:41 | INFO     | Received signal 2
2026-02-20 15:36:41 | INFO     | Received signal 2
2026-02-20 15:36:41 | INFO     | Received signal 2
2026-02-20 15:36:41 | INFO     | Received signal 2
2026-02-20 15:36:41 | INFO     | Received signal 2
2026-02-20 15:36:41 | INFO     | Received signal 2
2026-02-20 15:36:41 | INFO     | Received signal 2
2026-02-20 15:36:41 | INFO     | Received signal 2
2026-02-20 15:36:41 | INFO     | Received signal 2
2026-02-20 15:36:41 | INFO     | Received signal 2
2026-02-20 15:36:41 | INFO     | Received signal 2
2026-02-20 15:36:41 | INFO     | Received signal 2
2026-02-20 15:36:41 | INFO     | Received signal 2
2026-02-20 15:36:41 | INFO     | Received signal 2
2026-02-20 15:36:41 | INFO     | Received signal 2
2026-02-20 15:36:41 | INFO     | Received signal 2
2026-02-20 15:36:41 | INFO     | Received signal 2
2026-02-20 15:36:41 | INFO     | Received signal 2
2026-02-20 15:36:41 | INFO     | Received signal 2
2026-02-20 15:36:41 | INFO     | Received signal 2
2026-02-20 15:36:41 | INFO     | Received signal 2
2026-02-20 15:36:41 | INFO     | Received signal 2
2026-02-20 15:36:41 | INFO     | Received signal 2
2026-02-20 15:36:41 | INFO     | Received signal 2
2026-02-20 15:36:41 | INFO     | Received signal 2
2026-02-20 15:36:41 | INFO     | Received signal 2
2026-02-20 15:36:41 | INFO     | Received signal 2
2026-02-20 15:36:41 | INFO     | Received signal 2
2026-02-20 15:36:41 | INFO     | Received signal 2
2026-02-20 15:36:41 | INFO     | Received signal 2
2026-02-20 15:36:41 | INFO     | Received signal 2
2026-02-20 15:36:42 | INFO     | Received signal 2
2026-02-20 15:36:42 | INFO     | Received signal 2
2026-02-20 15:36:42 | INFO     | Received signal 2
2026-02-20 15:36:43 | INFO     | Received signal 2
2026-02-20 15:36:43 | INFO     | Received signal 2
