2026-02-25 03:05:42 | INFO     | Starting task processing cycle
2026-02-25 03:05:42 | INFO     | Processing: 2024-05-11_00-03-57_email_CORRECTION FOR PAYMENT.md
2026-02-25 03:05:42 | DEBUG    | Reading task: 2024-05-11_00-03-57_email_CORRECTION FOR PAYMENT.md
2026-02-25 03:05:42 | INFO     | Creating plan for: 2024-05-11_00-03-57_email_CORRECTION FOR PAYMENT
2026-02-25 03:05:42 | INFO     | Plan created: 2026-02-25_03-05-42_2024-05-11_00-03-57_email_CORRECTION FOR PAYMENT.md
2026-02-25 03:05:42 | INFO     | Executing task: 2024-05-11_00-03-57_email_CORRECTION FOR PAYMENT
2026-02-25 03:05:42 | DEBUG    | Step 1/5: Review task requirements
2026-02-25 03:05:42 | DEBUG    | Step 2/5: Execute task operations
2026-02-25 03:05:42 | DEBUG    | Step 3/5: Verify results
2026-02-25 03:05:42 | DEBUG    | Step 4/5: Document outcomes
2026-02-25 03:05:42 | DEBUG    | Step 5/5: Archive completed task
2026-02-25 03:05:42 | INFO     | Task completed: 2024-05-11_00-03-57_email_CORRECTION FOR PAYMENT
2026-02-25 03:05:42 | INFO     | Archived to: 2026-02-25_2024-05-11_00-03-57_email_CORRECTION FOR PAYMENT.md
2026-02-25 03:05:42 | DEBUG    | Updating dashboard
2026-02-25 03:05:42 | INFO     | Dashboard updated
2026-02-25 03:05:42 | INFO     | Processing: 2024-11-06_19-07-27_email_Congratulations_ Your application for Front End De.md
2026-02-25 03:05:42 | DEBUG    | Reading task: 2024-11-06_19-07-27_email_Congratulations_ Your application for Front End De.md
2026-02-25 03:05:42 | INFO     | Creating plan for: 2024-11-06_19-07-27_email_Congratulations_ Your application for Front End De
2026-02-25 03:05:42 | INFO     | Plan created: 2026-02-25_03-05-42_2024-11-06_19-07-27_email_Congratulations_ Your ap.md
2026-02-25 03:05:42 | INFO     | Executing task: 2024-11-06_19-07-27_email_Congratulations_ Your application for Front End De
2026-02-25 03:05:42 | DEBUG    | Step 1/5: Review task requirements
2026-02-25 03:05:42 | DEBUG    | Step 2/5: Execute task operations
2026-02-25 03:05:42 | DEBUG    | Step 3/5: Verify results
2026-02-25 03:05:42 | DEBUG    | Step 4/5: Document outcomes
2026-02-25 03:05:42 | DEBUG    | Step 5/5: Archive completed task
2026-02-25 03:05:42 | INFO     | Task completed: 2024-11-06_19-07-27_email_Congratulations_ Your application for Front End De
2026-02-25 03:05:42 | INFO     | Archived to: 2026-02-25_2024-11-06_19-07-27_email_Congratulations_ Your application for Front End De.md
2026-02-25 03:05:42 | DEBUG    | Updating dashboard
2026-02-25 03:05:42 | INFO     | Dashboard updated
2026-02-25 03:05:42 | INFO     | Processing complete: 2 tasks processed
