2026-02-25 02:44:06 | INFO     | ============================================================
2026-02-25 02:44:06 | INFO     | WHATSAPP WATCHER STARTING
2026-02-25 02:44:06 | INFO     | Check Interval: 30.0s
2026-02-25 02:44:06 | INFO     | Keywords: urgent, invoice, payment, sales
2026-02-25 02:44:06 | INFO     | ============================================================
2026-02-25 02:44:06 | INFO     | ============================================================
2026-02-25 02:44:06 | INFO     | WHATSAPP WATCHER STARTING
2026-02-25 02:44:06 | INFO     | Check Interval: 30.0s
2026-02-25 02:44:06 | INFO     | Keywords: urgent, invoice, payment, sales
2026-02-25 02:44:06 | INFO     | ============================================================
2026-02-25 02:44:07 | INFO     | ============================================================
2026-02-25 02:44:07 | INFO     | WHATSAPP WATCHER STARTING
2026-02-25 02:44:07 | INFO     | Check Interval: 30.0s
2026-02-25 02:44:07 | INFO     | Keywords: urgent, invoice, payment, sales
2026-02-25 02:44:07 | INFO     | ============================================================
2026-02-25 02:44:07 | INFO     | ============================================================
2026-02-25 02:44:07 | INFO     | WHATSAPP WATCHER STARTING
2026-02-25 02:44:07 | INFO     | Check Interval: 30.0s
2026-02-25 02:44:07 | INFO     | Keywords: urgent, invoice, payment, sales
2026-02-25 02:44:07 | INFO     | ============================================================
2026-02-25 02:44:08 | INFO     | ============================================================
2026-02-25 02:44:08 | INFO     | WHATSAPP WATCHER STARTING
2026-02-25 02:44:08 | INFO     | Check Interval: 30.0s
2026-02-25 02:44:08 | INFO     | Keywords: urgent, invoice, payment, sales
2026-02-25 02:44:08 | INFO     | ============================================================
2026-02-25 02:44:08 | INFO     | ============================================================
2026-02-25 02:44:08 | INFO     | WHATSAPP WATCHER STARTING
2026-02-25 02:44:08 | INFO     | Check Interval: 30.0s
2026-02-25 02:44:08 | INFO     | Keywords: urgent, invoice, payment, sales
2026-02-25 02:44:08 | INFO     | ============================================================
2026-02-25 02:44:08 | INFO     | ============================================================
2026-02-25 02:44:08 | INFO     | WHATSAPP WATCHER STARTING
2026-02-25 02:44:08 | INFO     | Check Interval: 30.0s
2026-02-25 02:44:08 | INFO     | Keywords: urgent, invoice, payment, sales
2026-02-25 02:44:08 | INFO     | ============================================================
2026-02-25 02:44:09 | INFO     | ============================================================
2026-02-25 02:44:09 | INFO     | WHATSAPP WATCHER STARTING
2026-02-25 02:44:09 | INFO     | Check Interval: 30.0s
2026-02-25 02:44:09 | INFO     | Keywords: urgent, invoice, payment, sales
2026-02-25 02:44:09 | INFO     | ============================================================
2026-02-25 02:44:09 | INFO     | ============================================================
2026-02-25 02:44:09 | INFO     | WHATSAPP WATCHER STARTING
2026-02-25 02:44:09 | INFO     | Check Interval: 30.0s
2026-02-25 02:44:09 | INFO     | Keywords: urgent, invoice, payment, sales
2026-02-25 02:44:09 | INFO     | ============================================================
2026-02-25 02:44:10 | INFO     | ============================================================
2026-02-25 02:44:10 | INFO     | WHATSAPP WATCHER STARTING
2026-02-25 02:44:10 | INFO     | Check Interval: 30.0s
2026-02-25 02:44:10 | INFO     | Keywords: urgent, invoice, payment, sales
2026-02-25 02:44:10 | INFO     | ============================================================
2026-02-25 02:44:10 | INFO     | ============================================================
2026-02-25 02:44:10 | INFO     | WHATSAPP WATCHER STARTING
2026-02-25 02:44:10 | INFO     | Check Interval: 30.0s
2026-02-25 02:44:10 | INFO     | Keywords: urgent, invoice, payment, sales
2026-02-25 02:44:10 | INFO     | ============================================================
2026-02-25 02:44:10 | INFO     | ============================================================
2026-02-25 02:44:10 | INFO     | WHATSAPP WATCHER STARTING
2026-02-25 02:44:10 | INFO     | Check Interval: 30.0s
2026-02-25 02:44:10 | INFO     | Keywords: urgent, invoice, payment, sales
2026-02-25 02:44:10 | INFO     | ============================================================
2026-02-25 02:44:11 | INFO     | ============================================================
2026-02-25 02:44:11 | INFO     | WHATSAPP WATCHER STARTING
2026-02-25 02:44:11 | INFO     | Check Interval: 30.0s
2026-02-25 02:44:11 | INFO     | Keywords: urgent, invoice, payment, sales
2026-02-25 02:44:11 | INFO     | ============================================================
2026-02-25 02:44:11 | INFO     | ============================================================
2026-02-25 02:44:11 | INFO     | WHATSAPP WATCHER STARTING
2026-02-25 02:44:11 | INFO     | Check Interval: 30.0s
2026-02-25 02:44:11 | INFO     | Keywords: urgent, invoice, payment, sales
2026-02-25 02:44:11 | INFO     | ============================================================
2026-02-25 02:44:12 | INFO     | ============================================================
2026-02-25 02:44:12 | INFO     | WHATSAPP WATCHER STARTING
2026-02-25 02:44:12 | INFO     | Check Interval: 30.0s
2026-02-25 02:44:12 | INFO     | Keywords: urgent, invoice, payment, sales
2026-02-25 02:44:12 | INFO     | ============================================================
2026-02-25 02:44:12 | INFO     | ============================================================
2026-02-25 02:44:12 | INFO     | WHATSAPP WATCHER STARTING
2026-02-25 02:44:12 | INFO     | Check Interval: 30.0s
2026-02-25 02:44:12 | INFO     | Keywords: urgent, invoice, payment, sales
2026-02-25 02:44:12 | INFO     | ============================================================
2026-02-25 16:06:33 | INFO     | ============================================================
2026-02-25 16:06:33 | INFO     | WHATSAPP WATCHER STARTING
2026-02-25 16:06:33 | INFO     | Check Interval: 30.0s
2026-02-25 16:06:33 | INFO     | Keywords: urgent, invoice, payment, sales
2026-02-25 16:06:33 | INFO     | ============================================================
2026-02-25 16:06:45 | INFO     | Browser started with persistent session
2026-02-25 16:06:57 | INFO     | Navigated to WhatsApp Web
2026-02-25 16:07:02 | INFO     | Waiting for QR login...
2026-02-25 16:09:08 | WARNING  | Login timeout
2026-02-25 16:09:08 | DEBUG    | Browser closed
2026-02-25 16:09:29 | INFO     | ============================================================
2026-02-25 16:09:29 | INFO     | WHATSAPP WATCHER STARTING
2026-02-25 16:09:29 | INFO     | Check Interval: 30.0s
2026-02-25 16:09:29 | INFO     | Keywords: urgent, invoice, payment, sales
2026-02-25 16:09:29 | INFO     | ============================================================
2026-02-25 16:09:30 | INFO     | Browser started with persistent session
2026-02-25 16:09:32 | INFO     | Navigated to WhatsApp Web
2026-02-25 16:09:37 | INFO     | Waiting for QR login...
2026-02-25 16:11:43 | WARNING  | Login timeout
2026-02-25 16:11:43 | DEBUG    | Browser closed
2026-02-25 16:12:40 | INFO     | ============================================================
2026-02-25 16:12:40 | INFO     | WHATSAPP WATCHER STARTING
2026-02-25 16:12:40 | INFO     | Check Interval: 30.0s
2026-02-25 16:12:40 | INFO     | Keywords: urgent, invoice, payment, sales
2026-02-25 16:12:40 | INFO     | ============================================================
2026-02-25 16:12:41 | INFO     | Browser started with persistent session
2026-02-25 16:12:42 | INFO     | Navigated to WhatsApp Web
2026-02-25 16:12:47 | INFO     | Waiting for QR login...
2026-02-25 16:15:41 | INFO     | ============================================================
2026-02-25 16:15:41 | INFO     | WHATSAPP WATCHER STARTING
2026-02-25 16:15:41 | INFO     | Check Interval: 30.0s
2026-02-25 16:15:41 | INFO     | Keywords: urgent, invoice, payment, sales
2026-02-25 16:15:41 | INFO     | ============================================================
2026-02-25 16:15:42 | INFO     | Browser started with persistent session
2026-02-25 16:15:43 | INFO     | Navigated to WhatsApp Web
2026-02-25 16:15:48 | INFO     | Waiting for QR login...
2026-02-25 16:16:35 | INFO     | ============================================================
2026-02-25 16:16:35 | INFO     | WHATSAPP WATCHER STARTING
2026-02-25 16:16:35 | INFO     | Check Interval: 30.0s
2026-02-25 16:16:35 | INFO     | Keywords: urgent, invoice, payment, sales
2026-02-25 16:16:35 | INFO     | ============================================================
2026-02-25 16:16:36 | INFO     | Browser started with persistent session
2026-02-25 16:16:37 | INFO     | Navigated to WhatsApp Web
2026-02-25 16:16:42 | INFO     | Waiting for QR login...
